#
# There is insufficient memory for the Java Runtime Environment to continue.
# Native memory allocation (malloc) failed to allocate 569936 bytes for Chunk::new
# Possible reasons:
#   The system is out of physical RAM or swap space
#   In 32 bit mode, the process size limit was hit
# Possible solutions:
#   Reduce memory load on the system
#   Increase physical memory or swap space
#   Check if swap backing store is full
#   Use 64 bit Java on a 64 bit OS
#   Decrease Java heap size (-Xmx/-Xms)
#   Decrease number of Java threads
#   Decrease Java thread stack sizes (-Xss)
#   Set larger code cache with -XX:ReservedCodeCacheSize=
# This output file may be truncated or incomplete.
#
#  Out of Memory Error (allocation.cpp:390), pid=8364, tid=0x00000000000020fc
#
# JRE version: Java(TM) SE Runtime Environment (8.0_111-b14) (build 1.8.0_111-b14)
# Java VM: Java HotSpot(TM) 64-Bit Server VM (25.111-b14 mixed mode windows-amd64 compressed oops)
# Failed to write core dump. Minidumps are not enabled by default on client versions of Windows
#

---------------  T H R E A D  ---------------

Current thread (0x0000000014e9b000):  JavaThread "C2 CompilerThread1" daemon [_thread_in_native, id=8444, stack(0x0000000016960000,0x0000000016a60000)]

Stack: [0x0000000016960000,0x0000000016a60000]
[error occurred during error reporting (printing stack bounds), id 0xc0000005]

Native frames: (J=compiled Java code, j=interpreted, Vv=VM code, C=native code)


Current CompileTask:
C2:   4280  847       4       sun.font.TrueTypeFont::initAllNames (177 bytes)


---------------  P R O C E S S  ---------------

Java Threads: ( => current thread )
  0x0000000002750800 JavaThread "DestroyJavaVM" [_thread_blocked, id=8400, stack(0x00000000022e0000,0x00000000023e0000)]
  0x000000001706f800 JavaThread "AWT-EventQueue-0" [_thread_in_native, id=8520, stack(0x0000000018890000,0x0000000018990000)]
  0x0000000016641800 JavaThread "AWT-Windows" daemon [_thread_in_native, id=8516, stack(0x0000000017cd0000,0x0000000017dd0000)]
  0x0000000016640800 JavaThread "AWT-Shutdown" [_thread_blocked, id=8512, stack(0x0000000017bd0000,0x0000000017cd0000)]
  0x0000000016640000 JavaThread "Java2D Disposer" daemon [_thread_blocked, id=8508, stack(0x0000000017ad0000,0x0000000017bd0000)]
  0x0000000016378000 JavaThread "Abandoned connection cleanup thread" daemon [_thread_blocked, id=8460, stack(0x0000000016d60000,0x0000000016e60000)]
  0x00000000162e6000 JavaThread "Service Thread" daemon [_thread_blocked, id=8452, stack(0x0000000016b60000,0x0000000016c60000)]
  0x0000000014ea4000 JavaThread "C1 CompilerThread2" daemon [_thread_blocked, id=8448, stack(0x0000000016a60000,0x0000000016b60000)]
=>0x0000000014e9b000 JavaThread "C2 CompilerThread1" daemon [_thread_in_native, id=8444, stack(0x0000000016960000,0x0000000016a60000)]
  0x0000000014e97800 JavaThread "C2 CompilerThread0" daemon [_thread_blocked, id=8440, stack(0x0000000016860000,0x0000000016960000)]
  0x00000000162a3000 JavaThread "Attach Listener" daemon [_thread_blocked, id=8436, stack(0x0000000016760000,0x0000000016860000)]
  0x00000000162a2800 JavaThread "Signal Dispatcher" daemon [_thread_blocked, id=8432, stack(0x0000000016660000,0x0000000016760000)]
  0x0000000014e6a800 JavaThread "Finalizer" daemon [_thread_blocked, id=8428, stack(0x00000000160d0000,0x00000000161d0000)]
  0x0000000002840000 JavaThread "Reference Handler" daemon [_thread_blocked, id=8424, stack(0x0000000015fd0000,0x00000000160d0000)]

Other Threads:
  0x0000000014e47800 VMThread [stack: 0x0000000015ed0000,0x0000000015fd0000] [id=8420]
  0x000000001632e000 WatcherThread [stack: 0x0000000016c60000,0x0000000016d60000] [id=8456]

VM state:not at safepoint (normal execution)

VM Mutex/Monitor currently owned by a thread: None

Heap:
 PSYoungGen      total 18944K, used 10135K [0x00000000eb180000, 0x00000000ec680000, 0x0000000100000000)
  eden space 16384K, 46% used [0x00000000eb180000,0x00000000eb8ed4a0,0x00000000ec180000)
  from space 2560K, 98% used [0x00000000ec180000,0x00000000ec3f8990,0x00000000ec400000)
  to   space 2560K, 0% used [0x00000000ec400000,0x00000000ec400000,0x00000000ec680000)
 ParOldGen       total 44032K, used 3988K [0x00000000c1400000, 0x00000000c3f00000, 0x00000000eb180000)
  object space 44032K, 9% used [0x00000000c1400000,0x00000000c17e5328,0x00000000c3f00000)
 Metaspace       used 12800K, capacity 12918K, committed 13184K, reserved 1062912K
  class space    used 1524K, capacity 1581K, committed 1664K, reserved 1048576K

Card table byte_map: [0x0000000011c10000,0x0000000011e10000] byte_map_base: 0x0000000011606000

Marking Bits: (ParMarkBitMap*) 0x000000006a1ba6c0
 Begin Bits: [0x0000000012360000, 0x0000000013310000)
 End Bits:   [0x0000000013310000, 0x00000000142c0000)

Polling page: 0x0000000002280000

CodeCache: size=245760Kb used=3203Kb max_used=3225Kb free=242556Kb
 bounds [0x0000000002850000, 0x0000000002b80000, 0x0000000011850000]
 total_blobs=1381 nmethods=846 adapters=448
 compilation: enabled

Compilation events (10 events):
Event: 3.879 Thread 0x0000000014ea4000  843   !   3       sun.font.TrueTypeFont::getAllFamilyNames (33 bytes)
Event: 3.879 Thread 0x0000000014ea4000 nmethod 843 0x0000000002b68a10 code [0x0000000002b68be0, 0x0000000002b69358]
Event: 3.879 Thread 0x0000000014ea4000  844  s    3       sun.font.FontFamily::addLocaleNames (45 bytes)
Event: 3.880 Thread 0x0000000014ea4000 nmethod 844 0x0000000002b67c90 code [0x0000000002b67e60, 0x0000000002b68698]
Event: 3.932 Thread 0x0000000014e97800 nmethod 840 0x0000000002b709d0 code [0x0000000002b70d00, 0x0000000002b74668]
Event: 3.986 Thread 0x0000000014e9b000  845       4       java.util.HashMap$HashIterator::nextNode (100 bytes)
Event: 3.989 Thread 0x0000000014e9b000 nmethod 845 0x0000000002b65f90 code [0x0000000002b660e0, 0x0000000002b662d8]
Event: 3.991 Thread 0x0000000014e97800  846       4       java.util.HashMap::resize (359 bytes)
Event: 4.000 Thread 0x0000000014e97800 nmethod 846 0x0000000002b6f310 code [0x0000000002b6f4a0, 0x0000000002b6fa18]
Event: 4.215 Thread 0x0000000014e9b000  847       4       sun.font.TrueTypeFont::initAllNames (177 bytes)

GC Heap History (2 events):
Event: 2.668 GC heap before
{Heap before GC invocations=1 (full 0):
 PSYoungGen      total 18944K, used 16384K [0x00000000eb180000, 0x00000000ec680000, 0x0000000100000000)
  eden space 16384K, 100% used [0x00000000eb180000,0x00000000ec180000,0x00000000ec180000)
  from space 2560K, 0% used [0x00000000ec400000,0x00000000ec400000,0x00000000ec680000)
  to   space 2560K, 0% used [0x00000000ec180000,0x00000000ec180000,0x00000000ec400000)
 ParOldGen       total 44032K, used 0K [0x00000000c1400000, 0x00000000c3f00000, 0x00000000eb180000)
  object space 44032K, 0% used [0x00000000c1400000,0x00000000c1400000,0x00000000c3f00000)
 Metaspace       used 12753K, capacity 12918K, committed 13184K, reserved 1062912K
  class space    used 1523K, capacity 1581K, committed 1664K, reserved 1048576K
Event: 2.677 GC heap after
Heap after GC invocations=1 (full 0):
 PSYoungGen      total 18944K, used 2530K [0x00000000eb180000, 0x00000000ec680000, 0x0000000100000000)
  eden space 16384K, 0% used [0x00000000eb180000,0x00000000eb180000,0x00000000ec180000)
  from space 2560K, 98% used [0x00000000ec180000,0x00000000ec3f8990,0x00000000ec400000)
  to   space 2560K, 0% used [0x00000000ec400000,0x00000000ec400000,0x00000000ec680000)
 ParOldGen       total 44032K, used 3988K [0x00000000c1400000, 0x00000000c3f00000, 0x00000000eb180000)
  object space 44032K, 9% used [0x00000000c1400000,0x00000000c17e5328,0x00000000c3f00000)
 Metaspace       used 12753K, capacity 12918K, committed 13184K, reserved 1062912K
  class space    used 1523K, capacity 1581K, committed 1664K, reserved 1048576K
}

Deoptimization events (10 events):
Event: 0.458 Thread 0x0000000002750800 Uncommon trap: reason=unstable_if action=reinterpret pc=0x0000000002981588 method=java.util.Properties$LineReader.readLine()I @ 252
Event: 0.458 Thread 0x0000000002750800 Uncommon trap: reason=unstable_if action=reinterpret pc=0x000000000298c63c method=java.util.Properties$LineReader.readLine()I @ 252
Event: 0.460 Thread 0x0000000002750800 Uncommon trap: reason=unstable_if action=reinterpret pc=0x0000000002985fbc method=java.util.Properties.loadConvert([CII[C)Ljava/lang/String; @ 4
Event: 1.327 Thread 0x000000001706f800 Uncommon trap: reason=unstable_if action=reinterpret pc=0x00000000029b61c0 method=java.lang.CharacterData.of(I)Ljava/lang/CharacterData; @ 4
Event: 2.200 Thread 0x000000001706f800 Uncommon trap: reason=class_check action=maybe_recompile pc=0x00000000029bee70 method=java.lang.String.equals(Ljava/lang/Object;)Z @ 8
Event: 2.200 Thread 0x000000001706f800 Uncommon trap: reason=class_check action=maybe_recompile pc=0x00000000029bee70 method=java.lang.String.equals(Ljava/lang/Object;)Z @ 8
Event: 2.200 Thread 0x000000001706f800 Uncommon trap: reason=class_check action=maybe_recompile pc=0x00000000029bee70 method=java.lang.String.equals(Ljava/lang/Object;)Z @ 8
Event: 2.200 Thread 0x000000001706f800 Uncommon trap: reason=class_check action=maybe_recompile pc=0x00000000029bee70 method=java.lang.String.equals(Ljava/lang/Object;)Z @ 8
Event: 3.782 Thread 0x000000001706f800 Uncommon trap: reason=unstable_if action=reinterpret pc=0x0000000002b58eb4 method=java.lang.Character.isSurrogate(C)Z @ 3
Event: 3.782 Thread 0x000000001706f800 Uncommon trap: reason=unstable_if action=reinterpret pc=0x0000000002ab073c method=java.lang.String.toLowerCase(Ljava/util/Locale;)Ljava/lang/String; @ 37

Internal exceptions (10 events):
Event: 0.174 Thread 0x0000000002750800 Exception <a 'java/security/PrivilegedActionException'> (0x00000000eb29f0f8) thrown at [C:\re\workspace\8-2-build-windows-amd64-cygwin\jdk8u111\7883\hotspot\src\share\vm\prims\jvm.cpp, line 1386]
Event: 0.174 Thread 0x0000000002750800 Exception <a 'java/security/PrivilegedActionException'> (0x00000000eb29f308) thrown at [C:\re\workspace\8-2-build-windows-amd64-cygwin\jdk8u111\7883\hotspot\src\share\vm\prims\jvm.cpp, line 1386]
Event: 0.179 Thread 0x0000000002750800 Exception <a 'java/security/PrivilegedActionException'> (0x00000000eb2a2f50) thrown at [C:\re\workspace\8-2-build-windows-amd64-cygwin\jdk8u111\7883\hotspot\src\share\vm\prims\jvm.cpp, line 1386]
Event: 0.179 Thread 0x0000000002750800 Exception <a 'java/security/PrivilegedActionException'> (0x00000000eb2a3160) thrown at [C:\re\workspace\8-2-build-windows-amd64-cygwin\jdk8u111\7883\hotspot\src\share\vm\prims\jvm.cpp, line 1386]
Event: 0.812 Thread 0x0000000002750800 Exception <a 'java/io/FileNotFoundException'> (0x00000000eb8ef3b0) thrown at [C:\re\workspace\8-2-build-windows-amd64-cygwin\jdk8u111\7883\hotspot\src\share\vm\prims\jni.cpp, line 709]
Event: 0.873 Thread 0x0000000002750800 Exception <a 'java/lang/NoSuchFieldError': method resolution failed> (0x00000000eb9ba410) thrown at [C:\re\workspace\8-2-build-windows-amd64-cygwin\jdk8u111\7883\hotspot\src\share\vm\prims\methodHandles.cpp, line 1146]
Event: 0.876 Thread 0x0000000002750800 Exception <a 'java/lang/NoSuchFieldError': method resolution failed> (0x00000000eb9c7730) thrown at [C:\re\workspace\8-2-build-windows-amd64-cygwin\jdk8u111\7883\hotspot\src\share\vm\prims\methodHandles.cpp, line 1146]
Event: 0.925 Thread 0x0000000002750800 Exception <a 'java/io/FileNotFoundException'> (0x00000000eba59f48) thrown at [C:\re\workspace\8-2-build-windows-amd64-cygwin\jdk8u111\7883\hotspot\src\share\vm\prims\jni.cpp, line 709]
Event: 1.061 Thread 0x0000000002750800 Exception <a 'java/io/FileNotFoundException'> (0x00000000ebbde678) thrown at [C:\re\workspace\8-2-build-windows-amd64-cygwin\jdk8u111\7883\hotspot\src\share\vm\prims\jni.cpp, line 709]
Event: 1.061 Thread 0x0000000002750800 Exception <a 'java/lang/NullPointerException'> (0x00000000ebbded20) thrown at [C:\re\workspace\8-2-build-windows-amd64-cygwin\jdk8u111\7883\hotspot\src\share\vm\interpreter\linkResolver.cpp, line 1178]

Events (10 events):
Event: 3.770 loading class java/util/concurrent/ConcurrentHashMap$ValueIterator
Event: 3.770 loading class java/util/concurrent/ConcurrentHashMap$ValueIterator done
Event: 3.782 Thread 0x000000001706f800 Uncommon trap: trap_request=0xffffff65 fr.pc=0x0000000002b58eb4
Event: 3.782 Thread 0x000000001706f800 DEOPT PACKING pc=0x0000000002b58eb4 sp=0x000000001898b230
Event: 3.782 Thread 0x000000001706f800 DEOPT UNPACKING pc=0x000000000289582a sp=0x000000001898b158 mode 2
Event: 3.782 Thread 0x000000001706f800 Uncommon trap: trap_request=0xffffff65 fr.pc=0x0000000002ab073c
Event: 3.782 Thread 0x000000001706f800 DEOPT PACKING pc=0x0000000002ab073c sp=0x000000001898b740
Event: 3.782 Thread 0x000000001706f800 DEOPT UNPACKING pc=0x000000000289582a sp=0x000000001898b6b8 mode 2
Event: 4.159 Executing VM operation: EnableBiasedLocking
Event: 4.159 Executing VM operation: EnableBiasedLocking done


Dynamic libraries:
0x00007ff6d0980000 - 0x00007ff6d09b7000 	C:\Program Files\Java\jre1.8.0_111\bin\javaw.exe
0x00007ffc58ef0000 - 0x00007ffc590c1000 	C:\WINDOWS\SYSTEM32\ntdll.dll
0x00007ffc58bd0000 - 0x00007ffc58c7b000 	C:\WINDOWS\System32\KERNEL32.DLL
0x00007ffc55e40000 - 0x00007ffc5605d000 	C:\WINDOWS\System32\KERNELBASE.dll
0x00007ffc58c80000 - 0x00007ffc58d22000 	C:\WINDOWS\System32\ADVAPI32.dll
0x00007ffc56a00000 - 0x00007ffc56a9e000 	C:\WINDOWS\System32\msvcrt.dll
0x00007ffc56480000 - 0x00007ffc564d9000 	C:\WINDOWS\System32\sechost.dll
0x00007ffc564e0000 - 0x00007ffc56601000 	C:\WINDOWS\System32\RPCRT4.dll
0x00007ffc57540000 - 0x00007ffc576a5000 	C:\WINDOWS\System32\USER32.dll
0x00007ffc56120000 - 0x00007ffc5613e000 	C:\WINDOWS\System32\win32u.dll
0x00007ffc56be0000 - 0x00007ffc56c14000 	C:\WINDOWS\System32\GDI32.dll
0x00007ffc562f0000 - 0x00007ffc56472000 	C:\WINDOWS\System32\gdi32full.dll
0x00007ffc49ea0000 - 0x00007ffc4a119000 	C:\WINDOWS\WinSxS\amd64_microsoft.windows.common-controls_6595b64144ccf1df_6.0.14393.447_none_42191651c6827bb3\COMCTL32.dll
0x00007ffc56610000 - 0x00007ffc568d7000 	C:\WINDOWS\System32\combase.dll
0x00007ffc56140000 - 0x00007ffc56235000 	C:\WINDOWS\System32\ucrtbase.dll
0x00007ffc56060000 - 0x00007ffc560ca000 	C:\WINDOWS\System32\bcryptPrimitives.dll
0x00007ffc56cf0000 - 0x00007ffc56d1e000 	C:\WINDOWS\System32\IMM32.DLL
0x00000000694c0000 - 0x0000000069592000 	C:\Program Files\Java\jre1.8.0_111\bin\msvcr100.dll
0x00000000699a0000 - 0x000000006a23a000 	C:\Program Files\Java\jre1.8.0_111\bin\server\jvm.dll
0x00007ffc574c0000 - 0x00007ffc574c8000 	C:\WINDOWS\System32\PSAPI.DLL
0x00007ffc47010000 - 0x00007ffc4701a000 	C:\WINDOWS\SYSTEM32\VERSION.dll
0x00007ffc53200000 - 0x00007ffc53223000 	C:\WINDOWS\SYSTEM32\WINMM.dll
0x00007ffc43880000 - 0x00007ffc43889000 	C:\WINDOWS\SYSTEM32\WSOCK32.dll
0x00007ffc56c20000 - 0x00007ffc56c8a000 	C:\WINDOWS\System32\WS2_32.dll
0x00007ffc531a0000 - 0x00007ffc531cb000 	C:\WINDOWS\SYSTEM32\WINMMBASE.dll
0x00007ffc560d0000 - 0x00007ffc56112000 	C:\WINDOWS\System32\cfgmgr32.dll
0x00000000698b0000 - 0x00000000698bf000 	C:\Program Files\Java\jre1.8.0_111\bin\verify.dll
0x0000000069880000 - 0x00000000698a9000 	C:\Program Files\Java\jre1.8.0_111\bin\java.dll
0x0000000069860000 - 0x0000000069876000 	C:\Program Files\Java\jre1.8.0_111\bin\zip.dll
0x00007ffc576b0000 - 0x00007ffc58bb9000 	C:\WINDOWS\System32\SHELL32.dll
0x00007ffc554f0000 - 0x00007ffc55bca000 	C:\WINDOWS\System32\windows.storage.dll
0x00007ffc55380000 - 0x00007ffc553cc000 	C:\WINDOWS\System32\powrprof.dll
0x00007ffc574e0000 - 0x00007ffc57532000 	C:\WINDOWS\System32\shlwapi.dll
0x00007ffc55370000 - 0x00007ffc5537f000 	C:\WINDOWS\System32\kernel.appcore.dll
0x00007ffc56240000 - 0x00007ffc562e9000 	C:\WINDOWS\System32\shcore.dll
0x00007ffc55350000 - 0x00007ffc55364000 	C:\WINDOWS\System32\profapi.dll
0x0000000069840000 - 0x000000006985a000 	C:\Program Files\Java\jre1.8.0_111\bin\net.dll
0x00007ffc54b30000 - 0x00007ffc54b8c000 	C:\WINDOWS\system32\mswsock.dll
0x0000000069650000 - 0x00000000697e8000 	C:\Program Files\Java\jre1.8.0_111\bin\awt.dll
0x00007ffc568e0000 - 0x00007ffc5699f000 	C:\WINDOWS\System32\OLEAUT32.dll
0x00007ffc55bd0000 - 0x00007ffc55c6c000 	C:\WINDOWS\System32\msvcp_win.dll
0x00007ffc53800000 - 0x00007ffc5387a000 	C:\WINDOWS\SYSTEM32\apphelp.dll
0x00007ffc52f80000 - 0x00007ffc52fa6000 	C:\WINDOWS\system32\DWMAPI.DLL
0x00007ffc53a30000 - 0x00007ffc53ac5000 	C:\WINDOWS\system32\uxtheme.dll
0x00007ffc572f0000 - 0x00007ffc5744b000 	C:\WINDOWS\System32\MSCTF.dll
0x00007ffc56aa0000 - 0x00007ffc56bd7000 	C:\WINDOWS\System32\ole32.dll
0x00000000695f0000 - 0x0000000069637000 	C:\Program Files\Java\jre1.8.0_111\bin\fontmanager.dll
0x00007ffc58d30000 - 0x00007ffc58dcf000 	C:\WINDOWS\System32\clbcatq.dll
0x00007ffc3b6f0000 - 0x00007ffc3b739000 	C:\WINDOWS\system32\dataexchange.dll
0x00007ffc51e80000 - 0x00007ffc52136000 	C:\WINDOWS\system32\d3d11.dll
0x00007ffc532f0000 - 0x00007ffc53441000 	C:\WINDOWS\system32\dcomp.dll
0x00007ffc542e0000 - 0x00007ffc5437f000 	C:\WINDOWS\system32\dxgi.dll
0x00007ffc53db0000 - 0x00007ffc53ecc000 	C:\WINDOWS\system32\twinapi.appcore.dll
0x00007ffc54f30000 - 0x00007ffc54f5b000 	C:\WINDOWS\system32\bcrypt.dll
0x0000000069820000 - 0x0000000069831000 	C:\Program Files\Java\jre1.8.0_111\bin\nio.dll
0x00000000695a0000 - 0x00000000695e2000 	C:\Program Files\Java\jre1.8.0_111\bin\t2k.dll
0x00007ffc47180000 - 0x00007ffc47252000 	C:\Windows\System32\IME\IMEKR\imkrtip.dll
0x00007ffc52df0000 - 0x00007ffc52f75000 	C:\WINDOWS\SYSTEM32\PROPSYS.dll
0x00007ffc47020000 - 0x00007ffc47176000 	C:\Windows\System32\IME\shared\imetip.dll
0x00007ffc46fa0000 - 0x00007ffc47005000 	C:\WINDOWS\SYSTEM32\OLEACC.dll
0x00007ffc46df0000 - 0x00007ffc46f98000 	C:\WINDOWS\SYSTEM32\DUI70.dll
0x00007ffc46b60000 - 0x00007ffc46b98000 	C:\Windows\System32\IME\IMEKR\imkrapi.dll
0x00007ffc46b20000 - 0x00007ffc46b55000 	C:\Windows\System32\IME\shared\imjkapi.dll
0x00007ffc54760000 - 0x00007ffc54792000 	C:\WINDOWS\SYSTEM32\ntmarta.dll

VM Arguments:
jvm_args: -Dfile.encoding=UTF-8 
java_command: user.Main
java_class_path (initial): C:\Users\cjswo\workspace\SE\bin;C:\Users\cjswo\workspace\SE\mysql-connector-java-5.1.40-bin.jar
Launcher Type: SUN_STANDARD

Environment Variables:
PATH=C:/Program Files/Java/jre1.8.0_111/bin/server;C:/Program Files/Java/jre1.8.0_111/bin;C:/Program Files/Java/jre1.8.0_111/lib/amd64;C:\Program Files (x86)\PHP\v7.0;C:\WINDOWS\system32\inetsrv;C:\Program Files\PHP\v7.0;C:\app\cjswo\product\11.2.0\client_1\bin;C:\ProgramData\Oracle\Java\javapath;C:\Program Files\Java\jdk1.8.0_74\bin;C:\Program Files (x86)\FileVerifier++\;C:\Program Files\Microsoft\Web Platform Installer\;C:\WINDOWS\system32;C:\WINDOWS;C:\WINDOWS\System32\Wbem;C:\WINDOWS\System32\WindowsPowerShell\v1.0\;c:\Program Files (x86)\Microsoft SQL Server\100\Tools\Binn\;c:\Program Files\Microsoft SQL Server\100\Tools\Binn\;c:\Program Files\Microsoft SQL Server\100\DTS\Binn\;C:\Program Files (x86)\Skype\Phone\;C:\Program Files\MySQL\MySQL Utilities 1.6\;C:\Users\cjswo\AppData\Local\Microsoft\WindowsApps;C:\Program Files\Java\jdk1.8.0_74\bin;C:\Program Files (x86)\FileVerifier++\;C:\Users\cjswo\AppData\Local\Microsoft\WindowsApps;;C:\WINDOWS\system32;
USERNAME=cjswo
OS=Windows_NT
PROCESSOR_IDENTIFIER=Intel64 Family 6 Model 61 Stepping 4, GenuineIntel



---------------  S Y S T E M  ---------------

OS: Windows 10.0 , 64 bit Build 14393 (10.0.14393.0)

CPU:total 4 (2 cores per cpu, 2 threads per core) family 6 model 61 stepping 4, cmov, cx8, fxsr, mmx, sse, sse2, sse3, ssse3, sse4.1, sse4.2, popcnt, avx, avx2, aes, clmul, erms, 3dnowpref, lzcnt, ht, tsc, tscinvbit, bmi1, bmi2, adx

Memory: 4k page, physical 4111560k(825576k free), swap 16694472k(16976k free)

vm_info: Java HotSpot(TM) 64-Bit Server VM (25.111-b14) for windows-amd64 JRE (1.8.0_111-b14), built on Sep 22 2016 19:24:05 by "java_re" with MS VC++ 10.0 (VS2010)

time: Wed Nov 30 19:24:58 2016
elapsed time: 4 seconds (0d 0h 0m 4s)

